* 8.0.0257: test file missing in distribution\n* Update runtime files.\n* 8.0.0256: missing changes to one file breaks test\n* 8.0.0255: setpos() does not use the buffer argument for all marks\n* 8.0.0254: error message of assert functions is sometimes incomplete\n* 8.0.0253: error when loading session if winminheight is 2\n* 8.0.0252: not properly recognizing word characters between 128 and 255\n* 8.0.0251: not easy to select Python 2 or 3\n* 8.0.0250: virtcol() does not work well for multi-byte characters
